The system is: Windows - 10.0.19045 - AMD64
Compiling the C compiler identification source file "CMakeCCompilerId.c" succeeded.
Compiler: C:/Program Files/Microsoft Visual Studio/2022/Community/VC/Tools/MSVC/14.30.30705/bin/Hostx86/x86/cl.exe 
Build flags: 
Id flags:  

The output was:
0
x86용 Microsoft (R) C/C++ 최적화 컴파일러 버전 19.30.30706
Copyright (c) Microsoft Corporation. All rights reserved.

CMakeCCompilerId.c
Microsoft (R) Incremental Linker Version 14.30.30706.0
Copyright (C) Microsoft Corporation.  All rights reserved.

/out:CMakeCCompilerId.exe 
CMakeCCompilerId.obj 


Compilation of the C compiler identification source "CMakeCCompilerId.c" produced "CMakeCCompilerId.exe"

Compilation of the C compiler identification source "CMakeCCompilerId.c" produced "CMakeCCompilerId.obj"

The C compiler identification is MSVC, found in "C:/Users/CMS/CLionProjects/LIb_cpp_v2/cmake-build-debug/CMakeFiles/3.24.2/CompilerIdC/CMakeCCompilerId.exe"

Compiling the CXX compiler identification source file "CMakeCXXCompilerId.cpp" succeeded.
Compiler: C:/Program Files/Microsoft Visual Studio/2022/Community/VC/Tools/MSVC/14.30.30705/bin/Hostx86/x86/cl.exe 
Build flags: 
Id flags:  

The output was:
0
x86용 Microsoft (R) C/C++ 최적화 컴파일러 버전 19.30.30706
Copyright (c) Microsoft Corporation. All rights reserved.

CMakeCXXCompilerId.cpp
Microsoft (R) Incremental Linker Version 14.30.30706.0
Copyright (C) Microsoft Corporation.  All rights reserved.

/out:CMakeCXXCompilerId.exe 
CMakeCXXCompilerId.obj 


Compilation of the CXX compiler identification source "CMakeCXXCompilerId.cpp" produced "CMakeCXXCompilerId.exe"

Compilation of the CXX compiler identification source "CMakeCXXCompilerId.cpp" produced "CMakeCXXCompilerId.obj"

The CXX compiler identification is MSVC, found in "C:/Users/CMS/CLionProjects/LIb_cpp_v2/cmake-build-debug/CMakeFiles/3.24.2/CompilerIdCXX/CMakeCXXCompilerId.exe"

Detecting C compiler ABI info compiled with the following output:
Change Dir: C:/Users/CMS/CLionProjects/LIb_cpp_v2/cmake-build-debug/CMakeFiles/CMakeTmp

Run Build Command(s):C:/Program Files/JetBrains/CLion 2022.1.3/bin/ninja/win/x64/ninja.exe cmTC_7fc58 && [1/2] Building C object CMakeFiles\cmTC_7fc58.dir\CMakeCCompilerABI.c.obj
[2/2] Linking C executable cmTC_7fc58.exe



Detecting CXX compiler ABI info compiled with the following output:
Change Dir: C:/Users/CMS/CLionProjects/LIb_cpp_v2/cmake-build-debug/CMakeFiles/CMakeTmp

Run Build Command(s):C:/Program Files/JetBrains/CLion 2022.1.3/bin/ninja/win/x64/ninja.exe cmTC_771d8 && [1/2] Building CXX object CMakeFiles\cmTC_771d8.dir\CMakeCXXCompilerABI.cpp.obj
[2/2] Linking CXX executable cmTC_771d8.exe



